\BOOKMARK [0][-]{chapter*.1}{Preface}{}% 1
\BOOKMARK [0][-]{section*.2}{Contents}{}% 2
\BOOKMARK [0][-]{section*.3}{List of Figures}{}% 3
\BOOKMARK [0][-]{chapter*.4}{Abstract}{}% 4
\BOOKMARK [0][-]{chapter*.5}{\326zet}{}% 5
\BOOKMARK [0][-]{chapter.1}{Introduction}{}% 6
\BOOKMARK [1][-]{section.1.1}{Mobile Robotics}{chapter.1}% 7
\BOOKMARK [1][-]{section.1.2}{Goal}{chapter.1}% 8
\BOOKMARK [1][-]{section.1.3}{Organization}{chapter.1}% 9
\BOOKMARK [0][-]{chapter.2}{Autonomous Guided Vehicles \046 ITU-AGVs}{}% 10
\BOOKMARK [1][-]{section.2.1}{Spesifications of ITU-AGVs}{chapter.2}% 11
\BOOKMARK [1][-]{section.2.2}{Sensors and Low Level Processing Layer \(LLPL\)}{chapter.2}% 12
\BOOKMARK [2][-]{subsection.2.2.1}{Light Detection and Ranging \(LIDAR\) Sensors}{section.2.2}% 13
\BOOKMARK [2][-]{subsection.2.2.2}{Inertial Measurement Unit \(IMU\)}{section.2.2}% 14
\BOOKMARK [2][-]{subsection.2.2.3}{Infrared Distance Sensors}{section.2.2}% 15
\BOOKMARK [2][-]{subsection.2.2.4}{Microsoft Kinect Sensor}{section.2.2}% 16
\BOOKMARK [2][-]{subsection.2.2.5}{Motor Encoders}{section.2.2}% 17
\BOOKMARK [2][-]{subsection.2.2.6}{Low Level Processing Layer \(LLPL\)}{section.2.2}% 18
\BOOKMARK [1][-]{section.2.3}{Kinematics}{chapter.2}% 19
\BOOKMARK [0][-]{chapter.3}{Robot Operating System \(ROS\)}{}% 20
\BOOKMARK [1][-]{section.3.1}{Fundamentals of ROS}{chapter.3}% 21
\BOOKMARK [1][-]{section.3.2}{A Brief Review of ROS}{chapter.3}% 22
\BOOKMARK [0][-]{chapter.4}{Mobile Robot Application Development}{}% 23
\BOOKMARK [1][-]{section.4.1}{Embedded Program Development for LLPL}{chapter.4}% 24
\BOOKMARK [2][-]{subsection.4.1.1}{Communication with EPOS Drivers}{section.4.1}% 25
\BOOKMARK [2][-]{subsection.4.1.2}{Communication with HLPL}{section.4.1}% 26
\BOOKMARK [2][-]{subsection.4.1.3}{Testing the LLPL}{section.4.1}% 27
\BOOKMARK [1][-]{section.4.2}{ROS Programming for HLPL}{chapter.4}% 28
\BOOKMARK [2][-]{subsection.4.2.1}{ROS Installation \046 System Initialize}{section.4.2}% 29
\BOOKMARK [2][-]{subsection.4.2.2}{Teleoperation Application}{section.4.2}% 30
\BOOKMARK [3][-]{subsubsection.4.2.2.1}{Simulation}{subsection.4.2.2}% 31
\BOOKMARK [3][-]{subsubsection.4.2.2.2}{Teleoperation of ITU-AGVs}{subsection.4.2.2}% 32
\BOOKMARK [2][-]{subsection.4.2.3}{Sensor Integration}{section.4.2}% 33
\BOOKMARK [3][-]{subsubsection.4.2.3.1}{Encoder Reading}{subsection.4.2.3}% 34
\BOOKMARK [3][-]{subsubsection.4.2.3.2}{IMU Reading}{subsection.4.2.3}% 35
\BOOKMARK [3][-]{subsubsection.4.2.3.3}{LIDAR Reading}{subsection.4.2.3}% 36
\BOOKMARK [3][-]{subsubsection.4.2.3.4}{Kinect Reading}{subsection.4.2.3}% 37
\BOOKMARK [2][-]{subsection.4.2.4}{Odometry Estimation}{section.4.2}% 38
\BOOKMARK [2][-]{subsection.4.2.5}{Offline Map Building}{section.4.2}% 39
\BOOKMARK [0][-]{chapter.5}{Conclusion \046 Future Work}{}% 40
\BOOKMARK [0][-]{appendix.A}{Codes \046 Scripts}{}% 41
\BOOKMARK [0][-]{section*.7}{Bibliography}{}% 42
